mode: atomic
github.com/filipecosta90/redisai-go/redisai/client.go:21.56,23.17 2 11
github.com/filipecosta90/redisai-go/redisai/client.go:33.2,41.10 2 11
github.com/filipecosta90/redisai-go/redisai/client.go:23.17,27.44 1 1
github.com/filipecosta90/redisai-go/redisai/client.go:27.44,27.73 1 0
github.com/filipecosta90/redisai-go/redisai/client.go:29.8,31.3 1 10
github.com/filipecosta90/redisai-go/redisai/client.go:45.38,46.25 1 4
github.com/filipecosta90/redisai-go/redisai/client.go:56.2,56.8 1 4
github.com/filipecosta90/redisai-go/redisai/client.go:46.25,48.17 2 3
github.com/filipecosta90/redisai-go/redisai/client.go:51.3,52.17 2 3
github.com/filipecosta90/redisai-go/redisai/client.go:48.17,50.4 1 0
github.com/filipecosta90/redisai-go/redisai/client.go:52.17,54.4 1 0
github.com/filipecosta90/redisai-go/redisai/client.go:59.33,60.25 1 111
github.com/filipecosta90/redisai-go/redisai/client.go:60.25,62.3 1 78
github.com/filipecosta90/redisai-go/redisai/client.go:65.51,69.2 3 1
github.com/filipecosta90/redisai-go/redisai/client.go:71.38,72.45 1 4
github.com/filipecosta90/redisai-go/redisai/client.go:76.2,76.8 1 4
github.com/filipecosta90/redisai-go/redisai/client.go:72.45,75.3 2 4
github.com/filipecosta90/redisai-go/redisai/client.go:80.59,81.45 1 2
github.com/filipecosta90/redisai-go/redisai/client.go:84.2,84.8 1 0
github.com/filipecosta90/redisai-go/redisai/client.go:81.45,83.3 1 2
github.com/filipecosta90/redisai-go/redisai/client.go:87.79,89.16 2 17
github.com/filipecosta90/redisai-go/redisai/client.go:94.2,95.8 2 17
github.com/filipecosta90/redisai-go/redisai/client.go:89.16,91.3 1 0
github.com/filipecosta90/redisai-go/redisai/client.go:98.56,100.40 2 17
github.com/filipecosta90/redisai-go/redisai/client.go:104.2,104.8 1 17
github.com/filipecosta90/redisai-go/redisai/client.go:100.40,103.3 2 12
github.com/filipecosta90/redisai-go/redisai/client.go:107.95,110.22 3 34
github.com/filipecosta90/redisai-go/redisai/client.go:122.2,122.8 1 34
github.com/filipecosta90/redisai-go/redisai/client.go:110.22,112.3 1 7
github.com/filipecosta90/redisai-go/redisai/client.go:112.8,115.34 3 27
github.com/filipecosta90/redisai-go/redisai/client.go:118.3,118.36 1 27
github.com/filipecosta90/redisai-go/redisai/client.go:115.34,117.4 1 3
github.com/filipecosta90/redisai-go/redisai/client.go:118.36,120.4 1 17
github.com/filipecosta90/redisai-go/redisai/client.go:126.103,128.16 2 9
github.com/filipecosta90/redisai-go/redisai/client.go:131.2,131.20 1 9
github.com/filipecosta90/redisai-go/redisai/client.go:135.2,135.58 1 8
github.com/filipecosta90/redisai-go/redisai/client.go:128.16,130.3 1 0
github.com/filipecosta90/redisai-go/redisai/client.go:131.20,134.3 2 1
github.com/filipecosta90/redisai-go/redisai/client.go:139.83,141.16 2 7
github.com/filipecosta90/redisai-go/redisai/client.go:144.2,144.20 1 7
github.com/filipecosta90/redisai-go/redisai/client.go:148.2,148.49 1 6
github.com/filipecosta90/redisai-go/redisai/client.go:141.16,143.3 1 0
github.com/filipecosta90/redisai-go/redisai/client.go:144.20,147.3 2 1
github.com/filipecosta90/redisai-go/redisai/client.go:152.96,154.16 2 2
github.com/filipecosta90/redisai-go/redisai/client.go:157.2,157.20 1 2
github.com/filipecosta90/redisai-go/redisai/client.go:161.2,161.67 1 1
github.com/filipecosta90/redisai-go/redisai/client.go:154.16,156.3 1 0
github.com/filipecosta90/redisai-go/redisai/client.go:157.20,160.3 2 1
github.com/filipecosta90/redisai-go/redisai/client.go:164.72,167.22 3 3
github.com/filipecosta90/redisai-go/redisai/client.go:183.2,183.8 1 2
github.com/filipecosta90/redisai-go/redisai/client.go:167.22,169.3 1 1
github.com/filipecosta90/redisai-go/redisai/client.go:169.8,171.17 2 2
github.com/filipecosta90/redisai-go/redisai/client.go:174.3,175.21 2 1
github.com/filipecosta90/redisai-go/redisai/client.go:179.3,181.43 3 1
github.com/filipecosta90/redisai-go/redisai/client.go:171.17,173.4 1 1
github.com/filipecosta90/redisai-go/redisai/client.go:175.21,178.4 2 0
github.com/filipecosta90/redisai-go/redisai/client.go:186.52,189.22 3 2
github.com/filipecosta90/redisai-go/redisai/client.go:194.2,194.8 1 2
github.com/filipecosta90/redisai-go/redisai/client.go:189.22,191.3 1 1
github.com/filipecosta90/redisai-go/redisai/client.go:191.8,193.3 1 1
github.com/filipecosta90/redisai-go/redisai/client.go:197.73,200.22 3 3
github.com/filipecosta90/redisai-go/redisai/client.go:215.2,215.8 1 2
github.com/filipecosta90/redisai-go/redisai/client.go:200.22,202.3 1 1
github.com/filipecosta90/redisai-go/redisai/client.go:202.8,204.17 2 2
github.com/filipecosta90/redisai-go/redisai/client.go:207.3,208.21 2 1
github.com/filipecosta90/redisai-go/redisai/client.go:212.3,213.44 2 1
github.com/filipecosta90/redisai-go/redisai/client.go:204.17,206.4 1 1
github.com/filipecosta90/redisai-go/redisai/client.go:208.21,211.4 2 0
github.com/filipecosta90/redisai-go/redisai/client.go:218.53,221.22 3 3
github.com/filipecosta90/redisai-go/redisai/client.go:226.2,226.8 1 3
github.com/filipecosta90/redisai-go/redisai/client.go:221.22,223.3 1 1
github.com/filipecosta90/redisai-go/redisai/client.go:223.8,225.3 1 2
github.com/filipecosta90/redisai-go/redisai/client.go:229.91,232.22 3 2
github.com/filipecosta90/redisai-go/redisai/client.go:237.2,237.8 1 2
github.com/filipecosta90/redisai-go/redisai/client.go:232.22,234.3 1 1
github.com/filipecosta90/redisai-go/redisai/client.go:234.8,236.3 1 1
github.com/filipecosta90/redisai-go/redisai/client.go:241.140,243.21 2 9
github.com/filipecosta90/redisai-go/redisai/client.go:246.2,246.22 1 9
github.com/filipecosta90/redisai-go/redisai/client.go:249.2,252.22 3 9
github.com/filipecosta90/redisai-go/redisai/client.go:257.2,257.8 1 9
github.com/filipecosta90/redisai-go/redisai/client.go:243.21,245.3 1 9
github.com/filipecosta90/redisai-go/redisai/client.go:246.22,248.3 1 9
github.com/filipecosta90/redisai-go/redisai/client.go:252.22,254.3 1 1
github.com/filipecosta90/redisai-go/redisai/client.go:254.8,256.3 1 8
github.com/filipecosta90/redisai-go/redisai/client.go:261.148,263.16 2 2
github.com/filipecosta90/redisai-go/redisai/client.go:266.2,266.65 1 1
github.com/filipecosta90/redisai-go/redisai/client.go:263.16,265.3 1 1
github.com/filipecosta90/redisai-go/redisai/client.go:270.87,273.22 3 3
github.com/filipecosta90/redisai-go/redisai/client.go:278.2,278.8 1 3
github.com/filipecosta90/redisai-go/redisai/client.go:273.22,275.3 1 1
github.com/filipecosta90/redisai-go/redisai/client.go:275.8,277.3 1 2
github.com/filipecosta90/redisai-go/redisai/client.go:282.94,285.22 3 7
github.com/filipecosta90/redisai-go/redisai/client.go:290.2,290.8 1 7
github.com/filipecosta90/redisai-go/redisai/client.go:285.22,287.3 1 1
github.com/filipecosta90/redisai-go/redisai/client.go:287.8,289.3 1 6
github.com/filipecosta90/redisai-go/redisai/client.go:294.87,296.16 2 3
github.com/filipecosta90/redisai-go/redisai/client.go:299.2,299.48 1 2
github.com/filipecosta90/redisai-go/redisai/client.go:296.16,298.3 1 1
github.com/filipecosta90/redisai-go/redisai/client.go:303.99,305.21 2 2
github.com/filipecosta90/redisai-go/redisai/client.go:308.2,308.22 1 2
github.com/filipecosta90/redisai-go/redisai/client.go:311.2,312.22 2 2
github.com/filipecosta90/redisai-go/redisai/client.go:317.2,317.8 1 2
github.com/filipecosta90/redisai-go/redisai/client.go:305.21,307.3 1 2
github.com/filipecosta90/redisai-go/redisai/client.go:308.22,310.3 1 2
github.com/filipecosta90/redisai-go/redisai/client.go:312.22,314.3 1 1
github.com/filipecosta90/redisai-go/redisai/client.go:314.8,316.3 1 1
github.com/filipecosta90/redisai-go/redisai/client.go:321.96,323.16 2 42
github.com/filipecosta90/redisai-go/redisai/client.go:326.2,327.22 2 40
github.com/filipecosta90/redisai-go/redisai/client.go:332.2,332.8 1 40
github.com/filipecosta90/redisai-go/redisai/client.go:323.16,325.3 1 2
github.com/filipecosta90/redisai-go/redisai/client.go:327.22,329.3 1 1
github.com/filipecosta90/redisai-go/redisai/client.go:329.8,331.3 1 39
github.com/filipecosta90/redisai-go/redisai/common.go:85.121,88.24 3 54
github.com/filipecosta90/redisai-go/redisai/common.go:91.2,92.17 2 54
github.com/filipecosta90/redisai-go/redisai/common.go:131.2,131.18 1 54
github.com/filipecosta90/redisai-go/redisai/common.go:88.24,90.3 1 12
github.com/filipecosta90/redisai-go/redisai/common.go:92.17,94.16 2 44
github.com/filipecosta90/redisai-go/redisai/common.go:95.39,96.15 1 8
github.com/filipecosta90/redisai-go/redisai/common.go:97.38,98.33 1 8
github.com/filipecosta90/redisai-go/redisai/common.go:99.27,100.15 1 0
github.com/filipecosta90/redisai-go/redisai/common.go:101.37,102.15 1 4
github.com/filipecosta90/redisai-go/redisai/common.go:103.38,104.15 1 8
github.com/filipecosta90/redisai-go/redisai/common.go:105.39,106.15 1 12
github.com/filipecosta90/redisai-go/redisai/common.go:107.39,108.15 1 12
github.com/filipecosta90/redisai-go/redisai/common.go:109.39,110.15 1 16
github.com/filipecosta90/redisai-go/redisai/common.go:111.38,112.15 1 16
github.com/filipecosta90/redisai-go/redisai/common.go:113.40,114.15 1 20
github.com/filipecosta90/redisai-go/redisai/common.go:115.41,116.15 1 28
github.com/filipecosta90/redisai-go/redisai/common.go:117.41,118.43 1 32
github.com/filipecosta90/redisai-go/redisai/common.go:120.40,121.15 1 2
github.com/filipecosta90/redisai-go/redisai/common.go:123.40,124.15 1 4
github.com/filipecosta90/redisai-go/redisai/common.go:126.11,127.117 1 4
github.com/filipecosta90/redisai-go/redisai/common.go:134.103,136.24 2 4
github.com/filipecosta90/redisai-go/redisai/common.go:139.2,140.21 2 4
github.com/filipecosta90/redisai-go/redisai/common.go:143.2,143.22 1 4
github.com/filipecosta90/redisai-go/redisai/common.go:146.2,146.13 1 4
github.com/filipecosta90/redisai-go/redisai/common.go:136.24,138.3 1 1
github.com/filipecosta90/redisai-go/redisai/common.go:140.21,142.3 1 3
github.com/filipecosta90/redisai-go/redisai/common.go:143.22,145.3 1 3
github.com/filipecosta90/redisai-go/redisai/common.go:150.81,151.16 1 35
github.com/filipecosta90/redisai-go/redisai/common.go:154.2,154.31 1 34
github.com/filipecosta90/redisai-go/redisai/common.go:179.2,179.92 1 1
github.com/filipecosta90/redisai-go/redisai/common.go:151.16,153.3 1 1
github.com/filipecosta90/redisai-go/redisai/common.go:155.14,156.16 1 32
github.com/filipecosta90/redisai-go/redisai/common.go:174.3,174.17 1 32
github.com/filipecosta90/redisai-go/redisai/common.go:175.11,176.20 1 1
github.com/filipecosta90/redisai-go/redisai/common.go:157.16,158.18 1 4
github.com/filipecosta90/redisai-go/redisai/common.go:159.17,160.19 1 4
github.com/filipecosta90/redisai-go/redisai/common.go:161.15,162.17 1 5
github.com/filipecosta90/redisai-go/redisai/common.go:163.16,164.18 1 4
github.com/filipecosta90/redisai-go/redisai/common.go:165.16,166.18 1 4
github.com/filipecosta90/redisai-go/redisai/common.go:167.16,168.18 1 4
github.com/filipecosta90/redisai-go/redisai/common.go:169.16,170.18 1 4
github.com/filipecosta90/redisai-go/redisai/common.go:171.17,172.19 1 3
github.com/filipecosta90/redisai-go/redisai/common.go:182.93,184.19 2 27
github.com/filipecosta90/redisai-go/redisai/common.go:188.2,190.21 3 24
github.com/filipecosta90/redisai-go/redisai/common.go:184.19,187.3 2 3
github.com/filipecosta90/redisai-go/redisai/common.go:193.83,194.19 1 3
github.com/filipecosta90/redisai-go/redisai/common.go:198.2,199.18 2 2
github.com/filipecosta90/redisai-go/redisai/common.go:194.19,197.3 2 1
github.com/filipecosta90/redisai-go/redisai/common.go:202.85,203.19 1 17
github.com/filipecosta90/redisai-go/redisai/common.go:207.2,207.28 1 16
github.com/filipecosta90/redisai-go/redisai/common.go:228.2,228.18 1 16
github.com/filipecosta90/redisai-go/redisai/common.go:203.19,206.3 2 1
github.com/filipecosta90/redisai-go/redisai/common.go:208.17,209.40 1 2
github.com/filipecosta90/redisai-go/redisai/common.go:210.18,211.46 1 2
github.com/filipecosta90/redisai-go/redisai/common.go:212.16,213.37 1 2
github.com/filipecosta90/redisai-go/redisai/common.go:214.17,215.38 1 2
github.com/filipecosta90/redisai-go/redisai/common.go:216.17,217.42 1 2
github.com/filipecosta90/redisai-go/redisai/common.go:218.17,219.44 1 2
github.com/filipecosta90/redisai-go/redisai/common.go:220.17,221.38 1 2
github.com/filipecosta90/redisai-go/redisai/common.go:222.18,223.39 1 2
github.com/filipecosta90/redisai-go/redisai/common.go:232.64,234.56 2 3
github.com/filipecosta90/redisai-go/redisai/common.go:243.2,243.20 1 3
github.com/filipecosta90/redisai-go/redisai/common.go:234.56,234.87 1 2
github.com/filipecosta90/redisai-go/redisai/common.go:234.122,236.10 2 2
github.com/filipecosta90/redisai-go/redisai/common.go:239.3,241.13 3 2
github.com/filipecosta90/redisai-go/redisai/common.go:236.10,238.4 1 0
github.com/filipecosta90/redisai-go/redisai/common.go:247.62,250.16 3 3
github.com/filipecosta90/redisai-go/redisai/common.go:253.2,253.25 1 2
github.com/filipecosta90/redisai-go/redisai/common.go:256.2,256.20 1 2
github.com/filipecosta90/redisai-go/redisai/common.go:250.16,252.3 1 1
github.com/filipecosta90/redisai-go/redisai/common.go:253.25,255.3 1 2
github.com/filipecosta90/redisai-go/redisai/common.go:260.60,263.16 3 3
github.com/filipecosta90/redisai-go/redisai/common.go:266.2,266.25 1 2
github.com/filipecosta90/redisai-go/redisai/common.go:269.2,269.20 1 2
github.com/filipecosta90/redisai-go/redisai/common.go:263.16,265.3 1 1
github.com/filipecosta90/redisai-go/redisai/common.go:266.25,268.3 1 2
github.com/filipecosta90/redisai-go/redisai/common.go:273.60,276.16 3 3
github.com/filipecosta90/redisai-go/redisai/common.go:279.2,279.25 1 2
github.com/filipecosta90/redisai-go/redisai/common.go:282.2,282.20 1 2
github.com/filipecosta90/redisai-go/redisai/common.go:276.16,278.3 1 1
github.com/filipecosta90/redisai-go/redisai/common.go:279.25,281.3 1 2
github.com/filipecosta90/redisai-go/redisai/common.go:286.58,289.16 3 3
github.com/filipecosta90/redisai-go/redisai/common.go:292.2,292.25 1 2
github.com/filipecosta90/redisai-go/redisai/common.go:295.2,295.20 1 2
github.com/filipecosta90/redisai-go/redisai/common.go:289.16,291.3 1 1
github.com/filipecosta90/redisai-go/redisai/common.go:292.25,294.3 1 2
github.com/filipecosta90/redisai-go/redisai/common.go:298.125,299.16 1 3
github.com/filipecosta90/redisai-go/redisai/common.go:302.2,302.31 1 3
github.com/filipecosta90/redisai-go/redisai/common.go:317.2,317.83 1 0
github.com/filipecosta90/redisai-go/redisai/common.go:299.16,301.3 1 0
github.com/filipecosta90/redisai-go/redisai/common.go:303.21,305.24 2 2
github.com/filipecosta90/redisai-go/redisai/common.go:313.3,313.13 1 2
github.com/filipecosta90/redisai-go/redisai/common.go:314.11,315.16 1 1
github.com/filipecosta90/redisai-go/redisai/common.go:305.24,306.23 1 2
github.com/filipecosta90/redisai-go/redisai/common.go:309.4,309.46 1 2
github.com/filipecosta90/redisai-go/redisai/common.go:306.23,307.13 1 0
github.com/filipecosta90/redisai-go/redisai/common.go:309.46,311.5 1 0
github.com/filipecosta90/redisai-go/redisai/common.go:320.61,325.2 4 1
