mode: atomic
github.com/filipecosta90/redisai-go/redisai/common.go:85.121,88.24 3 61
github.com/filipecosta90/redisai-go/redisai/common.go:91.2,92.17 2 61
github.com/filipecosta90/redisai-go/redisai/common.go:131.2,131.18 1 61
github.com/filipecosta90/redisai-go/redisai/common.go:88.24,90.3 1 12
github.com/filipecosta90/redisai-go/redisai/common.go:92.17,94.16 2 52
github.com/filipecosta90/redisai-go/redisai/common.go:95.39,96.15 1 8
github.com/filipecosta90/redisai-go/redisai/common.go:97.38,98.33 1 8
github.com/filipecosta90/redisai-go/redisai/common.go:99.27,100.15 1 0
github.com/filipecosta90/redisai-go/redisai/common.go:101.37,102.15 1 4
github.com/filipecosta90/redisai-go/redisai/common.go:103.38,104.15 1 8
github.com/filipecosta90/redisai-go/redisai/common.go:105.39,106.15 1 12
github.com/filipecosta90/redisai-go/redisai/common.go:107.39,108.15 1 12
github.com/filipecosta90/redisai-go/redisai/common.go:109.39,110.15 1 16
github.com/filipecosta90/redisai-go/redisai/common.go:111.38,112.15 1 16
github.com/filipecosta90/redisai-go/redisai/common.go:113.40,114.15 1 20
github.com/filipecosta90/redisai-go/redisai/common.go:115.41,116.15 1 36
github.com/filipecosta90/redisai-go/redisai/common.go:117.41,118.43 1 40
github.com/filipecosta90/redisai-go/redisai/common.go:120.40,121.15 1 2
github.com/filipecosta90/redisai-go/redisai/common.go:123.40,124.15 1 4
github.com/filipecosta90/redisai-go/redisai/common.go:126.11,127.117 1 4
github.com/filipecosta90/redisai-go/redisai/common.go:134.103,136.24 2 5
github.com/filipecosta90/redisai-go/redisai/common.go:139.2,140.21 2 5
github.com/filipecosta90/redisai-go/redisai/common.go:143.2,143.22 1 5
github.com/filipecosta90/redisai-go/redisai/common.go:146.2,146.13 1 5
github.com/filipecosta90/redisai-go/redisai/common.go:136.24,138.3 1 1
github.com/filipecosta90/redisai-go/redisai/common.go:140.21,142.3 1 4
github.com/filipecosta90/redisai-go/redisai/common.go:143.22,145.3 1 4
github.com/filipecosta90/redisai-go/redisai/common.go:150.81,151.16 1 35
github.com/filipecosta90/redisai-go/redisai/common.go:154.2,154.31 1 34
github.com/filipecosta90/redisai-go/redisai/common.go:179.2,179.92 1 1
github.com/filipecosta90/redisai-go/redisai/common.go:151.16,153.3 1 1
github.com/filipecosta90/redisai-go/redisai/common.go:155.14,156.16 1 32
github.com/filipecosta90/redisai-go/redisai/common.go:174.3,174.17 1 32
github.com/filipecosta90/redisai-go/redisai/common.go:175.11,176.20 1 1
github.com/filipecosta90/redisai-go/redisai/common.go:157.16,158.18 1 4
github.com/filipecosta90/redisai-go/redisai/common.go:159.17,160.19 1 4
github.com/filipecosta90/redisai-go/redisai/common.go:161.15,162.17 1 5
github.com/filipecosta90/redisai-go/redisai/common.go:163.16,164.18 1 4
github.com/filipecosta90/redisai-go/redisai/common.go:165.16,166.18 1 4
github.com/filipecosta90/redisai-go/redisai/common.go:167.16,168.18 1 4
github.com/filipecosta90/redisai-go/redisai/common.go:169.16,170.18 1 4
github.com/filipecosta90/redisai-go/redisai/common.go:171.17,172.19 1 3
github.com/filipecosta90/redisai-go/redisai/common.go:182.93,184.19 2 27
github.com/filipecosta90/redisai-go/redisai/common.go:188.2,190.21 3 24
github.com/filipecosta90/redisai-go/redisai/common.go:184.19,187.3 2 3
github.com/filipecosta90/redisai-go/redisai/common.go:193.83,194.19 1 3
github.com/filipecosta90/redisai-go/redisai/common.go:198.2,199.18 2 2
github.com/filipecosta90/redisai-go/redisai/common.go:194.19,197.3 2 1
github.com/filipecosta90/redisai-go/redisai/common.go:202.85,203.19 1 17
github.com/filipecosta90/redisai-go/redisai/common.go:207.2,207.28 1 16
github.com/filipecosta90/redisai-go/redisai/common.go:228.2,228.18 1 16
github.com/filipecosta90/redisai-go/redisai/common.go:203.19,206.3 2 1
github.com/filipecosta90/redisai-go/redisai/common.go:208.17,209.40 1 2
github.com/filipecosta90/redisai-go/redisai/common.go:210.18,211.46 1 2
github.com/filipecosta90/redisai-go/redisai/common.go:212.16,213.37 1 2
github.com/filipecosta90/redisai-go/redisai/common.go:214.17,215.38 1 2
github.com/filipecosta90/redisai-go/redisai/common.go:216.17,217.42 1 2
github.com/filipecosta90/redisai-go/redisai/common.go:218.17,219.44 1 2
github.com/filipecosta90/redisai-go/redisai/common.go:220.17,221.38 1 2
github.com/filipecosta90/redisai-go/redisai/common.go:222.18,223.39 1 2
github.com/filipecosta90/redisai-go/redisai/common.go:232.64,234.56 2 3
github.com/filipecosta90/redisai-go/redisai/common.go:243.2,243.20 1 3
github.com/filipecosta90/redisai-go/redisai/common.go:234.56,234.87 1 2
github.com/filipecosta90/redisai-go/redisai/common.go:234.122,236.10 2 2
github.com/filipecosta90/redisai-go/redisai/common.go:239.3,241.13 3 2
github.com/filipecosta90/redisai-go/redisai/common.go:236.10,238.4 1 0
github.com/filipecosta90/redisai-go/redisai/common.go:247.62,250.16 3 3
github.com/filipecosta90/redisai-go/redisai/common.go:253.2,253.25 1 2
github.com/filipecosta90/redisai-go/redisai/common.go:256.2,256.20 1 2
github.com/filipecosta90/redisai-go/redisai/common.go:250.16,252.3 1 1
github.com/filipecosta90/redisai-go/redisai/common.go:253.25,255.3 1 2
github.com/filipecosta90/redisai-go/redisai/common.go:260.60,263.16 3 3
github.com/filipecosta90/redisai-go/redisai/common.go:266.2,266.25 1 2
github.com/filipecosta90/redisai-go/redisai/common.go:269.2,269.20 1 2
github.com/filipecosta90/redisai-go/redisai/common.go:263.16,265.3 1 1
github.com/filipecosta90/redisai-go/redisai/common.go:266.25,268.3 1 2
github.com/filipecosta90/redisai-go/redisai/common.go:273.60,276.16 3 3
github.com/filipecosta90/redisai-go/redisai/common.go:279.2,279.25 1 2
github.com/filipecosta90/redisai-go/redisai/common.go:282.2,282.20 1 2
github.com/filipecosta90/redisai-go/redisai/common.go:276.16,278.3 1 1
github.com/filipecosta90/redisai-go/redisai/common.go:279.25,281.3 1 2
github.com/filipecosta90/redisai-go/redisai/common.go:286.58,289.16 3 3
github.com/filipecosta90/redisai-go/redisai/common.go:292.2,292.25 1 2
github.com/filipecosta90/redisai-go/redisai/common.go:295.2,295.20 1 2
github.com/filipecosta90/redisai-go/redisai/common.go:289.16,291.3 1 1
github.com/filipecosta90/redisai-go/redisai/common.go:292.25,294.3 1 2
github.com/filipecosta90/redisai-go/redisai/common.go:298.125,299.16 1 3
github.com/filipecosta90/redisai-go/redisai/common.go:302.2,302.31 1 3
github.com/filipecosta90/redisai-go/redisai/common.go:317.2,317.83 1 0
github.com/filipecosta90/redisai-go/redisai/common.go:299.16,301.3 1 0
github.com/filipecosta90/redisai-go/redisai/common.go:303.21,305.24 2 2
github.com/filipecosta90/redisai-go/redisai/common.go:313.3,313.13 1 2
github.com/filipecosta90/redisai-go/redisai/common.go:314.11,315.16 1 1
github.com/filipecosta90/redisai-go/redisai/common.go:305.24,306.23 1 2
github.com/filipecosta90/redisai-go/redisai/common.go:309.4,309.46 1 2
github.com/filipecosta90/redisai-go/redisai/common.go:306.23,307.13 1 0
github.com/filipecosta90/redisai-go/redisai/common.go:309.46,311.5 1 0
github.com/filipecosta90/redisai-go/redisai/common.go:320.61,325.2 4 1
github.com/filipecosta90/redisai-go/redisai/pipelinedClient.go:16.105,22.2 5 2
github.com/filipecosta90/redisai-go/redisai/pipelinedClient.go:24.150,26.21 2 1
github.com/filipecosta90/redisai-go/redisai/pipelinedClient.go:29.2,29.22 1 1
github.com/filipecosta90/redisai-go/redisai/pipelinedClient.go:32.2,34.8 3 1
github.com/filipecosta90/redisai-go/redisai/pipelinedClient.go:26.21,28.3 1 1
github.com/filipecosta90/redisai-go/redisai/pipelinedClient.go:29.22,31.3 1 1
github.com/filipecosta90/redisai-go/redisai/pipelinedClient.go:37.103,41.2 3 1
github.com/filipecosta90/redisai-go/redisai/pipelinedClient.go:43.89,44.25 1 15
github.com/filipecosta90/redisai-go/redisai/pipelinedClient.go:47.2,48.16 2 15
github.com/filipecosta90/redisai-go/redisai/pipelinedClient.go:53.2,54.8 2 15
github.com/filipecosta90/redisai-go/redisai/pipelinedClient.go:44.25,46.3 1 3
github.com/filipecosta90/redisai-go/redisai/pipelinedClient.go:48.16,50.3 1 0
github.com/filipecosta90/redisai-go/redisai/pipelinedClient.go:57.108,59.21 2 1
github.com/filipecosta90/redisai-go/redisai/pipelinedClient.go:62.2,62.22 1 1
github.com/filipecosta90/redisai-go/redisai/pipelinedClient.go:65.2,66.8 2 1
github.com/filipecosta90/redisai-go/redisai/pipelinedClient.go:59.21,61.3 1 1
github.com/filipecosta90/redisai-go/redisai/pipelinedClient.go:62.22,64.3 1 1
github.com/filipecosta90/redisai-go/redisai/pipelinedClient.go:69.81,73.2 3 1
github.com/filipecosta90/redisai-go/redisai/pipelinedClient.go:75.61,79.2 3 0
github.com/filipecosta90/redisai-go/redisai/pipelinedClient.go:81.82,85.2 3 1
github.com/filipecosta90/redisai-go/redisai/pipelinedClient.go:87.62,91.2 3 1
github.com/filipecosta90/redisai-go/redisai/pipelinedClient.go:93.100,97.2 3 1
github.com/filipecosta90/redisai-go/redisai/pipelinedClient.go:100.91,102.17 2 1
github.com/filipecosta90/redisai-go/redisai/pipelinedClient.go:112.2,118.10 2 1
github.com/filipecosta90/redisai-go/redisai/pipelinedClient.go:102.17,106.44 1 1
github.com/filipecosta90/redisai-go/redisai/pipelinedClient.go:106.44,106.73 1 3
github.com/filipecosta90/redisai-go/redisai/pipelinedClient.go:108.8,110.3 1 0
github.com/filipecosta90/redisai-go/redisai/pipelinedClient.go:122.47,123.25 1 1
github.com/filipecosta90/redisai-go/redisai/pipelinedClient.go:134.2,134.8 1 1
github.com/filipecosta90/redisai-go/redisai/pipelinedClient.go:123.25,125.17 2 0
github.com/filipecosta90/redisai-go/redisai/pipelinedClient.go:128.3,129.17 2 0
github.com/filipecosta90/redisai-go/redisai/pipelinedClient.go:125.17,127.4 1 0
github.com/filipecosta90/redisai-go/redisai/pipelinedClient.go:129.17,131.4 1 0
github.com/filipecosta90/redisai-go/redisai/pipelinedClient.go:138.96,142.2 3 2
github.com/filipecosta90/redisai-go/redisai/pipelinedClient.go:145.106,149.2 3 4
github.com/filipecosta90/redisai-go/redisai/pipelinedClient.go:151.52,153.25 2 8
github.com/filipecosta90/redisai-go/redisai/pipelinedClient.go:157.2,157.8 1 8
github.com/filipecosta90/redisai-go/redisai/pipelinedClient.go:153.25,156.3 2 8
github.com/filipecosta90/redisai-go/redisai/pipelinedClient.go:160.65,162.40 2 15
github.com/filipecosta90/redisai-go/redisai/pipelinedClient.go:166.2,166.8 1 15
github.com/filipecosta90/redisai-go/redisai/pipelinedClient.go:162.40,165.3 2 8
github.com/filipecosta90/redisai-go/redisai/client.go:16.95,22.33 6 27
github.com/filipecosta90/redisai-go/redisai/client.go:25.2,25.35 1 27
github.com/filipecosta90/redisai-go/redisai/client.go:28.2,28.8 1 27
github.com/filipecosta90/redisai-go/redisai/client.go:22.33,24.3 1 3
github.com/filipecosta90/redisai-go/redisai/client.go:25.35,27.3 1 17
github.com/filipecosta90/redisai-go/redisai/client.go:33.103,35.16 2 9
github.com/filipecosta90/redisai-go/redisai/client.go:38.2,38.58 1 8
github.com/filipecosta90/redisai-go/redisai/client.go:35.16,37.3 1 1
github.com/filipecosta90/redisai-go/redisai/client.go:42.83,44.16 2 7
github.com/filipecosta90/redisai-go/redisai/client.go:47.2,47.49 1 6
github.com/filipecosta90/redisai-go/redisai/client.go:44.16,46.3 1 1
github.com/filipecosta90/redisai-go/redisai/client.go:51.96,53.16 2 2
github.com/filipecosta90/redisai-go/redisai/client.go:56.2,56.67 1 1
github.com/filipecosta90/redisai-go/redisai/client.go:53.16,55.3 1 1
github.com/filipecosta90/redisai-go/redisai/client.go:59.72,64.16 5 2
github.com/filipecosta90/redisai-go/redisai/client.go:67.2,68.20 2 1
github.com/filipecosta90/redisai-go/redisai/client.go:72.2,75.8 4 1
github.com/filipecosta90/redisai-go/redisai/client.go:64.16,66.3 1 1
github.com/filipecosta90/redisai-go/redisai/client.go:68.20,71.3 2 0
github.com/filipecosta90/redisai-go/redisai/client.go:78.52,84.2 5 1
github.com/filipecosta90/redisai-go/redisai/client.go:86.73,91.16 5 2
github.com/filipecosta90/redisai-go/redisai/client.go:94.2,95.20 2 1
github.com/filipecosta90/redisai-go/redisai/client.go:99.2,101.8 3 1
github.com/filipecosta90/redisai-go/redisai/client.go:91.16,93.3 1 1
github.com/filipecosta90/redisai-go/redisai/client.go:95.20,98.3 2 0
github.com/filipecosta90/redisai-go/redisai/client.go:104.53,110.2 5 2
github.com/filipecosta90/redisai-go/redisai/client.go:112.91,118.2 5 1
github.com/filipecosta90/redisai-go/redisai/client.go:121.56,123.17 2 6
github.com/filipecosta90/redisai-go/redisai/client.go:133.2,136.10 2 6
github.com/filipecosta90/redisai-go/redisai/client.go:123.17,127.44 1 5
github.com/filipecosta90/redisai-go/redisai/client.go:127.44,127.73 1 4
github.com/filipecosta90/redisai-go/redisai/client.go:129.8,131.3 1 1
github.com/filipecosta90/redisai-go/redisai/client.go:140.142,142.21 2 8
github.com/filipecosta90/redisai-go/redisai/client.go:145.2,145.22 1 8
github.com/filipecosta90/redisai-go/redisai/client.go:148.2,153.8 5 8
github.com/filipecosta90/redisai-go/redisai/client.go:142.21,144.3 1 8
github.com/filipecosta90/redisai-go/redisai/client.go:145.22,147.3 1 8
github.com/filipecosta90/redisai-go/redisai/client.go:157.148,159.16 2 2
github.com/filipecosta90/redisai-go/redisai/client.go:162.2,162.65 1 1
github.com/filipecosta90/redisai-go/redisai/client.go:159.16,161.3 1 1
github.com/filipecosta90/redisai-go/redisai/client.go:166.89,172.2 5 2
github.com/filipecosta90/redisai-go/redisai/client.go:175.96,181.2 5 8
github.com/filipecosta90/redisai-go/redisai/client.go:184.87,186.16 2 2
github.com/filipecosta90/redisai-go/redisai/client.go:189.2,189.48 1 1
github.com/filipecosta90/redisai-go/redisai/client.go:186.16,188.3 1 1
github.com/filipecosta90/redisai-go/redisai/client.go:193.99,195.21 2 1
github.com/filipecosta90/redisai-go/redisai/client.go:198.2,198.22 1 1
github.com/filipecosta90/redisai-go/redisai/client.go:201.2,205.8 4 1
github.com/filipecosta90/redisai-go/redisai/client.go:195.21,197.3 1 1
github.com/filipecosta90/redisai-go/redisai/client.go:198.22,200.3 1 1
github.com/filipecosta90/redisai-go/redisai/client.go:209.96,211.16 2 45
github.com/filipecosta90/redisai-go/redisai/client.go:214.2,217.8 4 43
github.com/filipecosta90/redisai-go/redisai/client.go:211.16,213.3 1 2
