mode: atomic
github.com/filipecosta90/redisai-go/redisai/client.go:17.93,23.2 5 0
github.com/filipecosta90/redisai-go/redisai/client.go:26.103,32.16 5 0
github.com/filipecosta90/redisai-go/redisai/client.go:35.2,35.39 1 0
github.com/filipecosta90/redisai-go/redisai/client.go:32.16,34.3 1 0
github.com/filipecosta90/redisai-go/redisai/client.go:40.83,46.16 5 0
github.com/filipecosta90/redisai-go/redisai/client.go:49.2,49.37 1 0
github.com/filipecosta90/redisai-go/redisai/client.go:46.16,48.3 1 0
github.com/filipecosta90/redisai-go/redisai/client.go:53.95,59.16 5 0
github.com/filipecosta90/redisai-go/redisai/client.go:62.2,62.37 1 0
github.com/filipecosta90/redisai-go/redisai/client.go:59.16,61.3 1 0
github.com/filipecosta90/redisai-go/redisai/client.go:66.65,67.23 1 0
github.com/filipecosta90/redisai-go/redisai/client.go:70.52,71.23 1 0
github.com/filipecosta90/redisai-go/redisai/client.go:74.66,75.23 1 0
github.com/filipecosta90/redisai-go/redisai/client.go:78.53,79.23 1 0
github.com/filipecosta90/redisai-go/redisai/client.go:82.88,83.23 1 0
github.com/filipecosta90/redisai-go/redisai/client.go:87.38,92.44 1 0
github.com/filipecosta90/redisai-go/redisai/client.go:95.2,95.10 1 0
github.com/filipecosta90/redisai-go/redisai/client.go:92.44,92.73 1 0
github.com/filipecosta90/redisai-go/redisai/client.go:100.134,102.21 2 0
github.com/filipecosta90/redisai-go/redisai/client.go:105.2,105.22 1 0
github.com/filipecosta90/redisai-go/redisai/client.go:108.2,113.16 5 0
github.com/filipecosta90/redisai-go/redisai/client.go:116.2,116.17 1 0
github.com/filipecosta90/redisai-go/redisai/client.go:119.2,119.12 1 0
github.com/filipecosta90/redisai-go/redisai/client.go:102.21,104.3 1 0
github.com/filipecosta90/redisai-go/redisai/client.go:105.22,107.3 1 0
github.com/filipecosta90/redisai-go/redisai/client.go:113.16,115.3 1 0
github.com/filipecosta90/redisai-go/redisai/client.go:116.17,118.3 1 0
github.com/filipecosta90/redisai-go/redisai/client.go:123.142,125.16 2 0
github.com/filipecosta90/redisai-go/redisai/client.go:128.2,128.65 1 0
github.com/filipecosta90/redisai-go/redisai/client.go:125.16,127.3 1 0
github.com/filipecosta90/redisai-go/redisai/client.go:132.81,138.16 5 0
github.com/filipecosta90/redisai-go/redisai/client.go:141.2,141.17 1 0
github.com/filipecosta90/redisai-go/redisai/client.go:144.2,144.12 1 0
github.com/filipecosta90/redisai-go/redisai/client.go:138.16,140.3 1 0
github.com/filipecosta90/redisai-go/redisai/client.go:141.17,143.3 1 0
github.com/filipecosta90/redisai-go/redisai/client.go:148.79,154.16 5 0
github.com/filipecosta90/redisai-go/redisai/client.go:157.2,157.17 1 0
github.com/filipecosta90/redisai-go/redisai/client.go:160.2,160.12 1 0
github.com/filipecosta90/redisai-go/redisai/client.go:154.16,156.3 1 0
github.com/filipecosta90/redisai-go/redisai/client.go:157.17,159.3 1 0
github.com/filipecosta90/redisai-go/redisai/client.go:164.87,166.16 2 0
github.com/filipecosta90/redisai-go/redisai/client.go:169.2,169.40 1 0
github.com/filipecosta90/redisai-go/redisai/client.go:166.16,168.3 1 0
github.com/filipecosta90/redisai-go/redisai/client.go:173.93,175.21 2 0
github.com/filipecosta90/redisai-go/redisai/client.go:178.2,178.22 1 0
github.com/filipecosta90/redisai-go/redisai/client.go:181.2,185.16 4 0
github.com/filipecosta90/redisai-go/redisai/client.go:188.2,188.17 1 0
github.com/filipecosta90/redisai-go/redisai/client.go:191.2,191.12 1 0
github.com/filipecosta90/redisai-go/redisai/client.go:175.21,177.3 1 0
github.com/filipecosta90/redisai-go/redisai/client.go:178.22,180.3 1 0
github.com/filipecosta90/redisai-go/redisai/client.go:185.16,187.3 1 0
github.com/filipecosta90/redisai-go/redisai/client.go:188.17,190.3 1 0
github.com/filipecosta90/redisai-go/redisai/client.go:195.96,197.17 2 0
github.com/filipecosta90/redisai-go/redisai/client.go:200.2,204.16 4 0
github.com/filipecosta90/redisai-go/redisai/client.go:207.2,207.17 1 0
github.com/filipecosta90/redisai-go/redisai/client.go:210.2,210.12 1 0
github.com/filipecosta90/redisai-go/redisai/client.go:197.17,199.3 1 0
github.com/filipecosta90/redisai-go/redisai/client.go:204.16,206.3 1 0
github.com/filipecosta90/redisai-go/redisai/client.go:207.17,209.3 1 0
github.com/filipecosta90/redisai-go/redisai/common.go:85.112,87.24 2 5
github.com/filipecosta90/redisai-go/redisai/common.go:90.2,92.15 3 5
github.com/filipecosta90/redisai-go/redisai/common.go:122.2,122.13 1 5
github.com/filipecosta90/redisai-go/redisai/common.go:87.24,89.3 1 0
github.com/filipecosta90/redisai-go/redisai/common.go:93.37,94.32 1 0
github.com/filipecosta90/redisai-go/redisai/common.go:95.36,96.14 1 0
github.com/filipecosta90/redisai-go/redisai/common.go:97.36,98.14 1 0
github.com/filipecosta90/redisai-go/redisai/common.go:99.37,100.14 1 0
github.com/filipecosta90/redisai-go/redisai/common.go:101.38,102.14 1 0
github.com/filipecosta90/redisai-go/redisai/common.go:103.38,104.14 1 0
github.com/filipecosta90/redisai-go/redisai/common.go:105.38,106.14 1 0
github.com/filipecosta90/redisai-go/redisai/common.go:107.37,108.14 1 0
github.com/filipecosta90/redisai-go/redisai/common.go:109.39,110.14 1 0
github.com/filipecosta90/redisai-go/redisai/common.go:111.39,112.14 1 0
github.com/filipecosta90/redisai-go/redisai/common.go:113.39,114.14 1 0
github.com/filipecosta90/redisai-go/redisai/common.go:115.40,116.14 1 4
github.com/filipecosta90/redisai-go/redisai/common.go:117.40,118.42 1 5
github.com/filipecosta90/redisai-go/redisai/common.go:119.10,120.13 1 0
github.com/filipecosta90/redisai-go/redisai/common.go:125.103,127.24 2 0
github.com/filipecosta90/redisai-go/redisai/common.go:130.2,131.21 2 0
github.com/filipecosta90/redisai-go/redisai/common.go:134.2,134.22 1 0
github.com/filipecosta90/redisai-go/redisai/common.go:137.2,137.13 1 0
github.com/filipecosta90/redisai-go/redisai/common.go:127.24,129.3 1 0
github.com/filipecosta90/redisai-go/redisai/common.go:131.21,133.3 1 0
github.com/filipecosta90/redisai-go/redisai/common.go:134.22,136.3 1 0
github.com/filipecosta90/redisai-go/redisai/common.go:141.93,143.18 2 0
github.com/filipecosta90/redisai-go/redisai/common.go:147.2,148.16 2 0
github.com/filipecosta90/redisai-go/redisai/common.go:151.2,152.16 2 0
github.com/filipecosta90/redisai-go/redisai/common.go:155.2,155.13 1 0
github.com/filipecosta90/redisai-go/redisai/common.go:180.2,180.8 1 0
github.com/filipecosta90/redisai-go/redisai/common.go:143.18,146.3 2 0
github.com/filipecosta90/redisai-go/redisai/common.go:148.16,150.3 1 0
github.com/filipecosta90/redisai-go/redisai/common.go:152.16,154.3 1 0
github.com/filipecosta90/redisai-go/redisai/common.go:156.15,157.17 1 0
github.com/filipecosta90/redisai-go/redisai/common.go:158.16,159.18 1 0
github.com/filipecosta90/redisai-go/redisai/common.go:160.14,161.16 1 0
github.com/filipecosta90/redisai-go/redisai/common.go:162.15,163.17 1 0
github.com/filipecosta90/redisai-go/redisai/common.go:164.15,165.17 1 0
github.com/filipecosta90/redisai-go/redisai/common.go:166.15,167.17 1 0
github.com/filipecosta90/redisai-go/redisai/common.go:168.15,169.17 1 0
github.com/filipecosta90/redisai-go/redisai/common.go:170.16,171.18 1 0
github.com/filipecosta90/redisai-go/redisai/common.go:172.16,173.18 1 0
github.com/filipecosta90/redisai-go/redisai/common.go:174.16,175.18 1 0
github.com/filipecosta90/redisai-go/redisai/common.go:176.10,178.9 2 0
github.com/filipecosta90/redisai-go/redisai/common.go:183.113,185.18 2 1
github.com/filipecosta90/redisai-go/redisai/common.go:189.2,190.16 2 1
github.com/filipecosta90/redisai-go/redisai/common.go:193.2,194.16 2 1
github.com/filipecosta90/redisai-go/redisai/common.go:197.2,198.16 2 1
github.com/filipecosta90/redisai-go/redisai/common.go:201.2,201.13 1 1
github.com/filipecosta90/redisai-go/redisai/common.go:226.2,226.8 1 1
github.com/filipecosta90/redisai-go/redisai/common.go:185.18,188.3 2 0
github.com/filipecosta90/redisai-go/redisai/common.go:190.16,192.3 1 0
github.com/filipecosta90/redisai-go/redisai/common.go:194.16,196.3 1 0
github.com/filipecosta90/redisai-go/redisai/common.go:198.16,200.3 1 0
github.com/filipecosta90/redisai-go/redisai/common.go:202.15,203.17 1 0
github.com/filipecosta90/redisai-go/redisai/common.go:204.16,205.18 1 1
github.com/filipecosta90/redisai-go/redisai/common.go:206.14,207.16 1 0
github.com/filipecosta90/redisai-go/redisai/common.go:208.15,209.17 1 0
github.com/filipecosta90/redisai-go/redisai/common.go:210.15,211.17 1 0
github.com/filipecosta90/redisai-go/redisai/common.go:212.15,213.17 1 0
github.com/filipecosta90/redisai-go/redisai/common.go:214.15,215.17 1 0
github.com/filipecosta90/redisai-go/redisai/common.go:216.16,217.18 1 0
github.com/filipecosta90/redisai-go/redisai/common.go:218.16,219.18 1 0
github.com/filipecosta90/redisai-go/redisai/common.go:220.16,221.18 1 0
github.com/filipecosta90/redisai-go/redisai/common.go:222.10,224.9 2 0
github.com/filipecosta90/redisai-go/redisai/common.go:232.106,234.18 2 0
github.com/filipecosta90/redisai-go/redisai/common.go:238.2,239.16 2 0
github.com/filipecosta90/redisai-go/redisai/common.go:242.2,243.16 2 0
github.com/filipecosta90/redisai-go/redisai/common.go:246.2,247.16 2 0
github.com/filipecosta90/redisai-go/redisai/common.go:250.2,250.13 1 0
github.com/filipecosta90/redisai-go/redisai/common.go:275.2,275.8 1 0
github.com/filipecosta90/redisai-go/redisai/common.go:234.18,237.3 2 0
github.com/filipecosta90/redisai-go/redisai/common.go:239.16,241.3 1 0
github.com/filipecosta90/redisai-go/redisai/common.go:243.16,245.3 1 0
github.com/filipecosta90/redisai-go/redisai/common.go:247.16,249.3 1 0
github.com/filipecosta90/redisai-go/redisai/common.go:251.15,252.17 1 0
github.com/filipecosta90/redisai-go/redisai/common.go:253.16,254.18 1 0
github.com/filipecosta90/redisai-go/redisai/common.go:255.14,256.16 1 0
github.com/filipecosta90/redisai-go/redisai/common.go:257.15,258.17 1 0
github.com/filipecosta90/redisai-go/redisai/common.go:259.15,260.17 1 0
github.com/filipecosta90/redisai-go/redisai/common.go:261.15,262.17 1 0
github.com/filipecosta90/redisai-go/redisai/common.go:263.15,264.17 1 0
github.com/filipecosta90/redisai-go/redisai/common.go:265.16,266.18 1 0
github.com/filipecosta90/redisai-go/redisai/common.go:267.16,268.18 1 0
github.com/filipecosta90/redisai-go/redisai/common.go:269.16,270.18 1 0
github.com/filipecosta90/redisai-go/redisai/common.go:271.10,273.9 2 0
github.com/filipecosta90/redisai-go/redisai/pipelinedClient.go:18.102,22.25 3 0
github.com/filipecosta90/redisai-go/redisai/pipelinedClient.go:26.2,27.16 2 0
github.com/filipecosta90/redisai-go/redisai/pipelinedClient.go:32.2,33.16 2 0
github.com/filipecosta90/redisai-go/redisai/pipelinedClient.go:36.2,36.18 1 0
github.com/filipecosta90/redisai-go/redisai/pipelinedClient.go:22.25,25.3 2 0
github.com/filipecosta90/redisai-go/redisai/pipelinedClient.go:27.16,29.3 1 0
github.com/filipecosta90/redisai-go/redisai/pipelinedClient.go:33.16,35.3 1 0
github.com/filipecosta90/redisai-go/redisai/pipelinedClient.go:39.143,40.23 1 0
github.com/filipecosta90/redisai-go/redisai/pipelinedClient.go:43.88,44.23 1 0
github.com/filipecosta90/redisai-go/redisai/pipelinedClient.go:47.102,48.23 1 0
github.com/filipecosta90/redisai-go/redisai/pipelinedClient.go:51.74,52.23 1 0
github.com/filipecosta90/redisai-go/redisai/pipelinedClient.go:55.61,56.23 1 0
github.com/filipecosta90/redisai-go/redisai/pipelinedClient.go:59.75,60.23 1 0
github.com/filipecosta90/redisai-go/redisai/pipelinedClient.go:63.62,64.23 1 0
github.com/filipecosta90/redisai-go/redisai/pipelinedClient.go:67.95,68.23 1 0
github.com/filipecosta90/redisai-go/redisai/pipelinedClient.go:72.73,77.44 1 3
github.com/filipecosta90/redisai-go/redisai/pipelinedClient.go:83.2,83.15 1 3
github.com/filipecosta90/redisai-go/redisai/pipelinedClient.go:89.2,89.10 1 3
github.com/filipecosta90/redisai-go/redisai/pipelinedClient.go:77.44,77.73 1 3
github.com/filipecosta90/redisai-go/redisai/pipelinedClient.go:83.15,84.26 1 3
github.com/filipecosta90/redisai-go/redisai/pipelinedClient.go:84.26,87.4 2 0
github.com/filipecosta90/redisai-go/redisai/pipelinedClient.go:93.35,94.25 1 3
github.com/filipecosta90/redisai-go/redisai/pipelinedClient.go:94.25,97.3 2 3
github.com/filipecosta90/redisai-go/redisai/pipelinedClient.go:101.96,103.25 2 0
github.com/filipecosta90/redisai-go/redisai/pipelinedClient.go:107.2,108.16 2 0
github.com/filipecosta90/redisai-go/redisai/pipelinedClient.go:113.2,114.16 2 0
github.com/filipecosta90/redisai-go/redisai/pipelinedClient.go:117.2,117.12 1 0
github.com/filipecosta90/redisai-go/redisai/pipelinedClient.go:103.25,106.3 2 0
github.com/filipecosta90/redisai-go/redisai/pipelinedClient.go:108.16,110.3 1 0
github.com/filipecosta90/redisai-go/redisai/pipelinedClient.go:114.16,116.3 1 0
github.com/filipecosta90/redisai-go/redisai/pipelinedClient.go:121.105,123.17 2 5
github.com/filipecosta90/redisai-go/redisai/pipelinedClient.go:126.2,126.25 1 5
github.com/filipecosta90/redisai-go/redisai/pipelinedClient.go:129.2,130.16 2 5
github.com/filipecosta90/redisai-go/redisai/pipelinedClient.go:135.2,136.16 2 5
github.com/filipecosta90/redisai-go/redisai/pipelinedClient.go:139.2,139.12 1 5
github.com/filipecosta90/redisai-go/redisai/pipelinedClient.go:123.17,125.3 1 0
github.com/filipecosta90/redisai-go/redisai/pipelinedClient.go:126.25,128.3 1 3
github.com/filipecosta90/redisai-go/redisai/pipelinedClient.go:130.16,132.3 1 0
github.com/filipecosta90/redisai-go/redisai/pipelinedClient.go:136.16,138.3 1 0
github.com/filipecosta90/redisai-go/redisai/pipelinedClient.go:142.52,144.25 2 1
github.com/filipecosta90/redisai-go/redisai/pipelinedClient.go:148.2,148.12 1 1
github.com/filipecosta90/redisai-go/redisai/pipelinedClient.go:144.25,147.3 2 1
github.com/filipecosta90/redisai-go/redisai/pipelinedClient.go:151.65,153.40 2 6
github.com/filipecosta90/redisai-go/redisai/pipelinedClient.go:157.2,157.16 1 6
github.com/filipecosta90/redisai-go/redisai/pipelinedClient.go:160.2,160.12 1 6
github.com/filipecosta90/redisai-go/redisai/pipelinedClient.go:153.40,156.3 2 1
github.com/filipecosta90/redisai-go/redisai/pipelinedClient.go:157.16,159.3 1 0
github.com/filipecosta90/redisai-go/redisai/pipelinedClient.go:164.68,167.25 2 1
github.com/filipecosta90/redisai-go/redisai/pipelinedClient.go:171.2,172.16 2 1
github.com/filipecosta90/redisai-go/redisai/pipelinedClient.go:177.2,178.16 2 1
github.com/filipecosta90/redisai-go/redisai/pipelinedClient.go:181.2,181.12 1 1
github.com/filipecosta90/redisai-go/redisai/pipelinedClient.go:167.25,170.3 2 0
github.com/filipecosta90/redisai-go/redisai/pipelinedClient.go:172.16,174.3 1 0
github.com/filipecosta90/redisai-go/redisai/pipelinedClient.go:178.16,180.3 1 0
