mode: atomic
github.com/filipecosta90/redisai-go/redisai/common.go:65.113,67.24 2 5
github.com/filipecosta90/redisai-go/redisai/common.go:70.2,72.15 3 5
github.com/filipecosta90/redisai-go/redisai/common.go:102.2,102.13 1 5
github.com/filipecosta90/redisai-go/redisai/common.go:67.24,69.3 1 0
github.com/filipecosta90/redisai-go/redisai/common.go:73.37,74.32 1 0
github.com/filipecosta90/redisai-go/redisai/common.go:75.36,76.14 1 0
github.com/filipecosta90/redisai-go/redisai/common.go:77.36,78.14 1 0
github.com/filipecosta90/redisai-go/redisai/common.go:79.37,80.14 1 0
github.com/filipecosta90/redisai-go/redisai/common.go:81.38,82.14 1 0
github.com/filipecosta90/redisai-go/redisai/common.go:83.38,84.14 1 0
github.com/filipecosta90/redisai-go/redisai/common.go:85.38,86.14 1 0
github.com/filipecosta90/redisai-go/redisai/common.go:87.37,88.14 1 0
github.com/filipecosta90/redisai-go/redisai/common.go:89.39,90.14 1 0
github.com/filipecosta90/redisai-go/redisai/common.go:91.39,92.14 1 0
github.com/filipecosta90/redisai-go/redisai/common.go:93.39,94.14 1 0
github.com/filipecosta90/redisai-go/redisai/common.go:95.40,96.14 1 4
github.com/filipecosta90/redisai-go/redisai/common.go:97.40,98.42 1 5
github.com/filipecosta90/redisai-go/redisai/common.go:99.10,100.13 1 0
github.com/filipecosta90/redisai-go/redisai/common.go:109.103,111.24 2 0
github.com/filipecosta90/redisai-go/redisai/common.go:114.2,115.21 2 0
github.com/filipecosta90/redisai-go/redisai/common.go:118.2,118.22 1 0
github.com/filipecosta90/redisai-go/redisai/common.go:121.2,121.13 1 0
github.com/filipecosta90/redisai-go/redisai/common.go:111.24,113.3 1 0
github.com/filipecosta90/redisai-go/redisai/common.go:115.21,117.3 1 0
github.com/filipecosta90/redisai-go/redisai/common.go:118.22,120.3 1 0
github.com/filipecosta90/redisai-go/redisai/common.go:125.54,127.31 2 1
github.com/filipecosta90/redisai-go/redisai/common.go:131.2,133.27 2 1
github.com/filipecosta90/redisai-go/redisai/common.go:137.2,137.12 1 1
github.com/filipecosta90/redisai-go/redisai/common.go:127.31,128.51 1 0
github.com/filipecosta90/redisai-go/redisai/common.go:133.27,135.3 1 3
github.com/filipecosta90/redisai-go/redisai/common.go:140.108,144.16 3 1
github.com/filipecosta90/redisai-go/redisai/common.go:147.2,148.16 2 1
github.com/filipecosta90/redisai-go/redisai/common.go:151.2,152.16 2 1
github.com/filipecosta90/redisai-go/redisai/common.go:155.2,155.13 1 1
github.com/filipecosta90/redisai-go/redisai/common.go:180.2,180.8 1 1
github.com/filipecosta90/redisai-go/redisai/common.go:144.16,146.3 1 0
github.com/filipecosta90/redisai-go/redisai/common.go:148.16,150.3 1 0
github.com/filipecosta90/redisai-go/redisai/common.go:152.16,154.3 1 0
github.com/filipecosta90/redisai-go/redisai/common.go:156.15,157.17 1 0
github.com/filipecosta90/redisai-go/redisai/common.go:158.16,159.18 1 1
github.com/filipecosta90/redisai-go/redisai/common.go:160.14,161.16 1 0
github.com/filipecosta90/redisai-go/redisai/common.go:162.15,163.17 1 0
github.com/filipecosta90/redisai-go/redisai/common.go:164.15,165.17 1 0
github.com/filipecosta90/redisai-go/redisai/common.go:166.15,167.17 1 0
github.com/filipecosta90/redisai-go/redisai/common.go:168.15,169.17 1 0
github.com/filipecosta90/redisai-go/redisai/common.go:170.16,171.18 1 0
github.com/filipecosta90/redisai-go/redisai/common.go:172.16,173.18 1 0
github.com/filipecosta90/redisai-go/redisai/common.go:174.16,175.18 1 0
github.com/filipecosta90/redisai-go/redisai/common.go:176.10,178.9 2 0
github.com/filipecosta90/redisai-go/redisai/pipelinedClient.go:22.74,27.44 1 3
github.com/filipecosta90/redisai-go/redisai/pipelinedClient.go:33.2,33.15 1 3
github.com/filipecosta90/redisai-go/redisai/pipelinedClient.go:34.2,34.10 1 3
github.com/filipecosta90/redisai-go/redisai/pipelinedClient.go:27.44,27.73 1 3
github.com/filipecosta90/redisai-go/redisai/pipelinedClient.go:33.15,33.40 1 3
github.com/filipecosta90/redisai-go/redisai/pipelinedClient.go:33.40,33.86 2 0
github.com/filipecosta90/redisai-go/redisai/pipelinedClient.go:38.36,39.25 1 3
github.com/filipecosta90/redisai-go/redisai/pipelinedClient.go:39.25,39.71 2 3
github.com/filipecosta90/redisai-go/redisai/pipelinedClient.go:45.96,47.25 2 0
github.com/filipecosta90/redisai-go/redisai/pipelinedClient.go:51.2,52.16 2 0
github.com/filipecosta90/redisai-go/redisai/pipelinedClient.go:57.2,58.16 2 0
github.com/filipecosta90/redisai-go/redisai/pipelinedClient.go:61.2,61.12 1 0
github.com/filipecosta90/redisai-go/redisai/pipelinedClient.go:47.25,50.3 2 0
github.com/filipecosta90/redisai-go/redisai/pipelinedClient.go:52.16,54.3 1 0
github.com/filipecosta90/redisai-go/redisai/pipelinedClient.go:58.16,60.3 1 0
github.com/filipecosta90/redisai-go/redisai/pipelinedClient.go:67.105,69.17 2 5
github.com/filipecosta90/redisai-go/redisai/pipelinedClient.go:72.2,72.25 1 5
github.com/filipecosta90/redisai-go/redisai/pipelinedClient.go:75.2,76.16 2 5
github.com/filipecosta90/redisai-go/redisai/pipelinedClient.go:81.2,82.16 2 5
github.com/filipecosta90/redisai-go/redisai/pipelinedClient.go:85.2,85.12 1 5
github.com/filipecosta90/redisai-go/redisai/pipelinedClient.go:69.17,71.3 1 0
github.com/filipecosta90/redisai-go/redisai/pipelinedClient.go:72.25,74.3 1 3
github.com/filipecosta90/redisai-go/redisai/pipelinedClient.go:76.16,78.3 1 0
github.com/filipecosta90/redisai-go/redisai/pipelinedClient.go:82.16,84.3 1 0
github.com/filipecosta90/redisai-go/redisai/pipelinedClient.go:88.53,90.25 2 1
github.com/filipecosta90/redisai-go/redisai/pipelinedClient.go:94.1,94.11 1 1
github.com/filipecosta90/redisai-go/redisai/pipelinedClient.go:90.25,93.3 2 1
github.com/filipecosta90/redisai-go/redisai/pipelinedClient.go:97.66,99.40 2 6
github.com/filipecosta90/redisai-go/redisai/pipelinedClient.go:103.2,103.16 1 6
github.com/filipecosta90/redisai-go/redisai/pipelinedClient.go:106.2,106.12 1 6
github.com/filipecosta90/redisai-go/redisai/pipelinedClient.go:99.40,102.3 2 1
github.com/filipecosta90/redisai-go/redisai/pipelinedClient.go:103.16,105.3 1 0
github.com/filipecosta90/redisai-go/redisai/pipelinedClient.go:110.68,113.25 2 1
github.com/filipecosta90/redisai-go/redisai/pipelinedClient.go:117.2,118.16 2 1
github.com/filipecosta90/redisai-go/redisai/pipelinedClient.go:123.2,124.16 2 1
github.com/filipecosta90/redisai-go/redisai/pipelinedClient.go:127.2,127.12 1 1
github.com/filipecosta90/redisai-go/redisai/pipelinedClient.go:113.25,116.3 2 0
github.com/filipecosta90/redisai-go/redisai/pipelinedClient.go:118.16,120.3 1 0
github.com/filipecosta90/redisai-go/redisai/pipelinedClient.go:124.16,126.3 1 0
github.com/filipecosta90/redisai-go/redisai/client.go:19.38,24.44 1 0
github.com/filipecosta90/redisai-go/redisai/client.go:27.2,27.10 1 0
github.com/filipecosta90/redisai-go/redisai/client.go:24.44,24.73 1 0
github.com/filipecosta90/redisai-go/redisai/client.go:31.134,33.21 2 0
github.com/filipecosta90/redisai-go/redisai/client.go:36.2,36.22 1 0
github.com/filipecosta90/redisai-go/redisai/client.go:39.2,44.16 5 0
github.com/filipecosta90/redisai-go/redisai/client.go:47.2,47.17 1 0
github.com/filipecosta90/redisai-go/redisai/client.go:50.2,50.12 1 0
github.com/filipecosta90/redisai-go/redisai/client.go:33.21,35.3 1 0
github.com/filipecosta90/redisai-go/redisai/client.go:36.22,38.3 1 0
github.com/filipecosta90/redisai-go/redisai/client.go:44.16,46.3 1 0
github.com/filipecosta90/redisai-go/redisai/client.go:47.17,49.3 1 0
github.com/filipecosta90/redisai-go/redisai/client.go:54.142,56.16 2 0
github.com/filipecosta90/redisai-go/redisai/client.go:59.2,59.65 1 0
github.com/filipecosta90/redisai-go/redisai/client.go:56.16,58.3 1 0
github.com/filipecosta90/redisai-go/redisai/client.go:63.81,69.16 5 0
github.com/filipecosta90/redisai-go/redisai/client.go:72.2,72.17 1 0
github.com/filipecosta90/redisai-go/redisai/client.go:75.2,75.12 1 0
github.com/filipecosta90/redisai-go/redisai/client.go:69.16,71.3 1 0
github.com/filipecosta90/redisai-go/redisai/client.go:72.17,74.3 1 0
github.com/filipecosta90/redisai-go/redisai/client.go:81.79,87.16 5 0
github.com/filipecosta90/redisai-go/redisai/client.go:90.2,90.17 1 0
github.com/filipecosta90/redisai-go/redisai/client.go:93.2,93.12 1 0
github.com/filipecosta90/redisai-go/redisai/client.go:87.16,89.3 1 0
github.com/filipecosta90/redisai-go/redisai/client.go:90.17,92.3 1 0
github.com/filipecosta90/redisai-go/redisai/client.go:97.87,99.16 2 0
github.com/filipecosta90/redisai-go/redisai/client.go:102.2,102.40 1 0
github.com/filipecosta90/redisai-go/redisai/client.go:99.16,101.3 1 0
github.com/filipecosta90/redisai-go/redisai/client.go:106.93,108.21 2 0
github.com/filipecosta90/redisai-go/redisai/client.go:111.2,111.22 1 0
github.com/filipecosta90/redisai-go/redisai/client.go:114.2,118.16 4 0
github.com/filipecosta90/redisai-go/redisai/client.go:121.2,121.17 1 0
github.com/filipecosta90/redisai-go/redisai/client.go:124.2,124.12 1 0
github.com/filipecosta90/redisai-go/redisai/client.go:108.21,110.3 1 0
github.com/filipecosta90/redisai-go/redisai/client.go:111.22,113.3 1 0
github.com/filipecosta90/redisai-go/redisai/client.go:118.16,120.3 1 0
github.com/filipecosta90/redisai-go/redisai/client.go:121.17,123.3 1 0
github.com/filipecosta90/redisai-go/redisai/client.go:128.96,130.17 2 0
github.com/filipecosta90/redisai-go/redisai/client.go:133.2,137.16 4 0
github.com/filipecosta90/redisai-go/redisai/client.go:140.2,140.17 1 0
github.com/filipecosta90/redisai-go/redisai/client.go:143.2,143.12 1 0
github.com/filipecosta90/redisai-go/redisai/client.go:130.17,132.3 1 0
github.com/filipecosta90/redisai-go/redisai/client.go:137.16,139.3 1 0
github.com/filipecosta90/redisai-go/redisai/client.go:140.17,142.3 1 0
github.com/filipecosta90/redisai-go/redisai/client.go:147.101,153.16 5 0
github.com/filipecosta90/redisai-go/redisai/client.go:156.2,156.35 1 0
github.com/filipecosta90/redisai-go/redisai/client.go:153.16,155.3 1 0
